2023-01-25 11:21:54 INFO  ProjectStartupHandler.runActivity(74) - ---------- Project opened ----------
2023-01-25 11:21:54 INFO  ProjectStartupHandler.runActivity(75) - ---------- Version 4.02 ----------

2023-01-25 11:21:54 INFO  ProjectStartupHandler.setAutoscrolls(346) - Autoscrolls successfully set
2023-01-25 11:21:54 INFO  ApacheHttpClient.isSessionAppropriateWithSecretKey(589) - The session is not set in the property file.
2023-01-25 11:21:54 INFO  ApacheHttpClient.login(250) - Waiting for server response.
2023-01-25 11:21:54 INFO  ApacheHttpClient.login(254) - responseCode = 200
2023-01-25 11:21:54 INFO  ApacheHttpClient.login(277) - JSESSIONID OK
2023-01-25 11:21:54 INFO  ApacheHttpClient.refreshUserInfo(305) - responseCode = 200
2023-01-25 11:21:54 INFO  ApacheHttpClient.refreshUserInfo(311) - User information received.
2023-01-25 11:21:54 INFO  ApacheHttpClient.startGA(36) - GAService started.
2023-01-25 11:22:01 INFO  PluginProjectService.dispose(41) - PluginProjectService for disposed.
2023-01-25 11:22:24 INFO  ApacheHttpClient.getWebResourceAsStream(502) - responseCode = 200
2023-01-25 11:22:25 INFO  ApacheHttpClient.getFilteredTasks(336) - responseCode = 200
2023-01-25 11:22:42 INFO  ApacheHttpClient.getFilteredTasks(336) - responseCode = 200
2023-01-25 11:23:25 INFO  ApacheHttpClient.getTaskTemplateInfo(353) - responseCode = 200
2023-01-25 11:23:25 INFO  TaskInfoSelectorMouseListener.createDirectoryRecursive(78) - File created :D:/Java/Javarush/JavaRushTasks/1.JavaSyntax/src/com
2023-01-25 11:23:25 INFO  TaskInfoSelectorMouseListener.createDirectoryRecursive(78) - File created :D:/Java/Javarush/JavaRushTasks/1.JavaSyntax/src/com/javarush
2023-01-25 11:23:25 INFO  TaskInfoSelectorMouseListener.createDirectoryRecursive(78) - File created :D:/Java/Javarush/JavaRushTasks/1.JavaSyntax/src/com/javarush/task
2023-01-25 11:23:25 INFO  TaskInfoSelectorMouseListener.createDirectoryRecursive(78) - File created :D:/Java/Javarush/JavaRushTasks/1.JavaSyntax/src/com/javarush/task/jdk13
2023-01-25 11:23:25 INFO  TaskInfoSelectorMouseListener.createDirectoryRecursive(78) - File created :D:/Java/Javarush/JavaRushTasks/1.JavaSyntax/src/com/javarush/task/jdk13/task04
2023-01-25 11:23:25 INFO  TaskInfoSelectorMouseListener.createDirectoryRecursive(78) - File created :D:/Java/Javarush/JavaRushTasks/1.JavaSyntax/src/com/javarush/task/jdk13/task04/task0438
2023-01-25 20:42:07 INFO  ApacheHttpClient.getWebResourceAsStream(502) - responseCode = 200
2023-01-25 20:42:08 INFO  ApacheHttpClient.getFilteredTasks(336) - responseCode = 200
2023-01-25 20:42:20 INFO  ApacheHttpClient.getTaskTemplateInfo(353) - responseCode = 200
2023-01-25 20:42:20 INFO  TaskInfoSelectorMouseListener.createDirectoryRecursive(78) - File created :D:/Java/Javarush/JavaRushTasks/1.JavaSyntax/src/com/javarush/task/pro
2023-01-25 20:42:20 INFO  TaskInfoSelectorMouseListener.createDirectoryRecursive(78) - File created :D:/Java/Javarush/JavaRushTasks/1.JavaSyntax/src/com/javarush/task/pro/task05
2023-01-25 20:42:20 INFO  TaskInfoSelectorMouseListener.createDirectoryRecursive(78) - File created :D:/Java/Javarush/JavaRushTasks/1.JavaSyntax/src/com/javarush/task/pro/task05/task0520
2023-01-25 20:45:47 INFO  ApacheHttpClient.getWebResourceAsStream(502) - responseCode = 200
2023-01-25 20:45:48 INFO  ApacheHttpClient.getTask(488) - responseCode = 200
2023-01-25 20:45:48 INFO  ApacheHttpClient.completed(32) - responseCode = 200
2023-01-25 20:45:49 INFO  ApacheHttpClient.getTask(488) - responseCode = 200
2023-01-25 20:46:39 INFO  ApacheHttpClient.getWebResourceAsStream(502) - responseCode = 200
2023-01-25 20:46:39 INFO  ApacheHttpClient.getFilteredTasks(336) - responseCode = 200
2023-01-25 20:46:45 INFO  ApacheHttpClient.getTaskTemplateInfo(353) - responseCode = 200
2023-01-25 20:46:45 INFO  TaskInfoSelectorMouseListener.createDirectoryRecursive(78) - File created :D:/Java/Javarush/JavaRushTasks/1.JavaSyntax/src/com/javarush/task/pro/task05/task0521
2023-01-25 20:49:14 INFO  ApacheHttpClient.getWebResourceAsStream(502) - responseCode = 200
2023-01-25 20:49:15 INFO  ApacheHttpClient.getTask(488) - responseCode = 200
2023-01-25 20:49:16 INFO  ApacheHttpClient.completed(32) - responseCode = 200
2023-01-25 20:49:16 INFO  ApacheHttpClient.getTask(488) - responseCode = 200
2023-01-26 13:05:20 INFO  ProjectStartupHandler.runActivity(74) - ---------- Project opened ----------
2023-01-26 13:05:20 INFO  ProjectStartupHandler.runActivity(75) - ---------- Version 4.02 ----------

2023-01-26 13:05:20 INFO  ProjectStartupHandler.setAutoscrolls(346) - Autoscrolls successfully set
2023-01-26 13:05:20 INFO  ApacheHttpClient.isSessionAppropriateWithSecretKey(602) - Waiting for server response.
2023-01-26 13:05:21 INFO  ApacheHttpClient.refreshUserInfo(305) - responseCode = 200
2023-01-26 13:05:21 INFO  ApacheHttpClient.refreshUserInfo(311) - User information received.
2023-01-26 13:05:21 INFO  ApacheHttpClient.startGA(36) - GAService started.
2023-01-26 13:06:12 INFO  ApacheHttpClient.getWebResourceAsStream(502) - responseCode = 200
2023-01-26 13:06:12 INFO  ApacheHttpClient.getFilteredTasks(336) - responseCode = 200
2023-01-26 13:06:18 INFO  ApacheHttpClient.getTaskTemplateInfo(353) - responseCode = 200
2023-01-26 13:06:18 INFO  TaskInfoSelectorMouseListener.createDirectoryRecursive(78) - File created :D:/Java/Javarush/JavaRushTasks/1.JavaSyntax/src/com/javarush/task/jdk13/task04/task0437
2023-01-26 22:02:32 INFO  ApacheHttpClient.getWebResourceAsStream(502) - responseCode = 200
2023-01-26 22:02:32 INFO  ApacheHttpClient.getFilteredTasks(336) - responseCode = 200
2023-01-26 22:07:56 INFO  ApacheHttpClient.getTaskTemplateInfo(353) - responseCode = 200
2023-01-26 22:07:56 INFO  TaskInfoSelectorMouseListener.createDirectoryRecursive(78) - File created :D:/Java/Javarush/JavaRushTasks/1.JavaSyntax/src/com/javarush/task/jdk13/task04/task0436
2023-01-26 22:22:59 INFO  ApacheHttpClient.getWebResourceAsStream(502) - responseCode = 200
2023-01-26 22:22:59 INFO  ApacheHttpClient.getTask(488) - responseCode = 200
2023-01-26 22:23:00 INFO  ApacheHttpClient.completed(32) - responseCode = 200
2023-01-26 22:23:00 INFO  ApacheHttpClient.getTask(488) - responseCode = 200
2023-01-26 22:23:17 INFO  ApacheHttpClient.getWebResourceAsStream(502) - responseCode = 200
2023-01-26 22:23:17 INFO  ApacheHttpClient.getFilteredTasks(336) - responseCode = 200
2023-01-26 22:23:56 INFO  ApacheHttpClient.getTaskTemplateInfo(353) - responseCode = 200
2023-01-27 09:11:26 INFO  ApacheHttpClient.getWebResourceAsStream(502) - responseCode = 200
2023-01-27 09:11:26 INFO  ApacheHttpClient.getTask(488) - responseCode = 200
2023-01-27 09:11:27 INFO  ApacheHttpClient.completed(32) - responseCode = 200
2023-01-27 09:13:54 INFO  ApacheHttpClient.getWebResourceAsStream(502) - responseCode = 200
2023-01-27 09:13:55 INFO  ApacheHttpClient.getTask(488) - responseCode = 200
2023-01-27 09:13:56 INFO  ApacheHttpClient.completed(32) - responseCode = 200
2023-01-27 09:13:56 INFO  ApacheHttpClient.getTask(488) - responseCode = 200
2023-01-27 09:14:12 INFO  ApacheHttpClient.getWebResourceAsStream(502) - responseCode = 200
2023-01-27 09:14:12 INFO  ApacheHttpClient.getFilteredTasks(336) - responseCode = 200
2023-01-27 09:14:19 INFO  ApacheHttpClient.getTaskTemplateInfo(353) - responseCode = 200
2023-01-27 09:37:09 INFO  ApacheHttpClient.getWebResourceAsStream(502) - responseCode = 200
2023-01-27 09:37:10 INFO  ApacheHttpClient.getFilteredTasks(336) - responseCode = 200
2023-01-27 09:37:12 INFO  ApacheHttpClient.getTaskTemplateInfo(353) - responseCode = 200
2023-01-27 09:37:12 INFO  TaskInfoSelectorMouseListener.createDirectoryRecursive(78) - File created :D:/Java/Javarush/JavaRushTasks/1.JavaSyntax/src/com/javarush/task/jdk13/task04/task0441
2023-01-27 09:42:41 INFO  ApacheHttpClient.getWebResourceAsStream(502) - responseCode = 200
2023-01-27 09:42:41 INFO  ApacheHttpClient.getFilteredTasks(336) - responseCode = 200
2023-01-27 09:42:48 INFO  ApacheHttpClient.getTaskTemplateInfo(353) - responseCode = 200
2023-01-27 09:42:49 INFO  TaskInfoSelectorMouseListener.createDirectoryRecursive(78) - File created :D:/Java/Javarush/JavaRushTasks/1.JavaSyntax/src/com/javarush/task/jdk13/task04/task0437
2023-01-27 09:44:24 INFO  ApacheHttpClient.getWebResourceAsStream(502) - responseCode = 200
2023-01-27 09:44:24 INFO  ApacheHttpClient.getTask(488) - responseCode = 200
2023-01-27 09:44:25 INFO  ApacheHttpClient.completed(32) - responseCode = 200
2023-01-27 09:45:14 ERROR ApacheHttpClient.getServerAvailabilityStatus(568) - Error while checking server availability.
java.util.concurrent.ExecutionException: java.net.SocketException: Connection reset
	at org.apache.http.concurrent.BasicFuture.getResult(BasicFuture.java:70)
	at org.apache.http.concurrent.BasicFuture.get(BasicFuture.java:80)
	at com.homework.plugin.client.ApacheHttpClient.getResponseCode(ApacheHttpClient.java:577)
	at com.homework.plugin.client.ApacheHttpClient.getServerAvailabilityStatus(ApacheHttpClient.java:546)
	at com.homework.plugin.button.AbstractButton.isServerAvailable(AbstractButton.java:71)
	at com.homework.plugin.button.ValidateButton.actionPerformed(ValidateButton.java:36)
	at com.intellij.openapi.actionSystem.impl.ActionButton.actionPerformed(ActionButton.java:197)
	at com.intellij.openapi.actionSystem.impl.ActionButton.lambda$performAction$0(ActionButton.java:176)
	at com.intellij.openapi.actionSystem.ex.ActionUtil.performDumbAwareWithCallbacks(ActionUtil.java:346)
	at com.intellij.openapi.actionSystem.impl.ActionButton.performAction(ActionButton.java:176)
	at com.intellij.openapi.actionSystem.impl.ActionButton.processMouseEvent(ActionButton.java:465)
	at java.desktop/java.awt.Component.processEvent(Component.java:6413)
	at java.desktop/java.awt.Container.processEvent(Container.java:2266)
	at java.desktop/java.awt.Component.dispatchEventImpl(Component.java:5022)
	at java.desktop/java.awt.Container.dispatchEventImpl(Container.java:2324)
	at java.desktop/java.awt.Component.dispatchEvent(Component.java:4854)
	at java.desktop/java.awt.LightweightDispatcher.retargetMouseEvent(Container.java:4948)
	at java.desktop/java.awt.LightweightDispatcher.processMouseEvent(Container.java:4575)
	at java.desktop/java.awt.LightweightDispatcher.dispatchEvent(Container.java:4516)
	at java.desktop/java.awt.Container.dispatchEventImpl(Container.java:2310)
	at java.desktop/java.awt.Window.dispatchEventImpl(Window.java:2802)
	at java.desktop/java.awt.Component.dispatchEvent(Component.java:4854)
	at java.desktop/java.awt.EventQueue.dispatchEventImpl(EventQueue.java:781)
	at java.desktop/java.awt.EventQueue$4.run(EventQueue.java:730)
	at java.desktop/java.awt.EventQueue$4.run(EventQueue.java:724)
	at java.base/java.security.AccessController.doPrivileged(AccessController.java:399)
	at java.base/java.security.ProtectionDomain$JavaSecurityAccessImpl.doIntersectionPrivilege(ProtectionDomain.java:86)
	at java.base/java.security.ProtectionDomain$JavaSecurityAccessImpl.doIntersectionPrivilege(ProtectionDomain.java:97)
	at java.desktop/java.awt.EventQueue$5.run(EventQueue.java:754)
	at java.desktop/java.awt.EventQueue$5.run(EventQueue.java:752)
	at java.base/java.security.AccessController.doPrivileged(AccessController.java:399)
	at java.base/java.security.ProtectionDomain$JavaSecurityAccessImpl.doIntersectionPrivilege(ProtectionDomain.java:86)
	at java.desktop/java.awt.EventQueue.dispatchEvent(EventQueue.java:751)
	at com.intellij.ide.IdeEventQueue.defaultDispatchEvent(IdeEventQueue.java:909)
	at com.intellij.ide.IdeEventQueue.dispatchMouseEvent(IdeEventQueue.java:831)
	at com.intellij.ide.IdeEventQueue._dispatchEvent(IdeEventQueue.java:753)
	at com.intellij.ide.IdeEventQueue.lambda$dispatchEvent$5(IdeEventQueue.java:437)
	at com.intellij.openapi.progress.impl.CoreProgressManager.computePrioritized(CoreProgressManager.java:772)
	at com.intellij.ide.IdeEventQueue.lambda$dispatchEvent$6(IdeEventQueue.java:436)
	at com.intellij.openapi.application.TransactionGuardImpl.performActivity(TransactionGuardImpl.java:113)
	at com.intellij.ide.IdeEventQueue.performActivity(IdeEventQueue.java:615)
	at com.intellij.ide.IdeEventQueue.lambda$dispatchEvent$7(IdeEventQueue.java:434)
	at com.intellij.openapi.application.impl.ApplicationImpl.runIntendedWriteActionOnCurrentThread(ApplicationImpl.java:813)
	at com.intellij.ide.IdeEventQueue.dispatchEvent(IdeEventQueue.java:480)
	at java.desktop/java.awt.EventDispatchThread.pumpOneEventForFilters(EventDispatchThread.java:207)
	at java.desktop/java.awt.EventDispatchThread.pumpEventsForFilter(EventDispatchThread.java:128)
	at java.desktop/java.awt.EventDispatchThread.pumpEventsForHierarchy(EventDispatchThread.java:117)
	at java.desktop/java.awt.EventDispatchThread.pumpEvents(EventDispatchThread.java:113)
	at java.desktop/java.awt.EventDispatchThread.pumpEvents(EventDispatchThread.java:105)
	at java.desktop/java.awt.EventDispatchThread.run(EventDispatchThread.java:92)
Caused by: java.net.SocketException: Connection reset
	at java.base/sun.nio.ch.SocketChannelImpl.throwConnectionReset(SocketChannelImpl.java:394)
	at java.base/sun.nio.ch.SocketChannelImpl.read(SocketChannelImpl.java:426)
	at org.apache.http.nio.reactor.ssl.SSLIOSession.receiveEncryptedData(SSLIOSession.java:451)
	at org.apache.http.nio.reactor.ssl.SSLIOSession.isAppInputReady(SSLIOSession.java:505)
	at org.apache.http.impl.nio.reactor.AbstractIODispatch.inputReady(AbstractIODispatch.java:120)
	at org.apache.http.impl.nio.reactor.BaseIOReactor.readable(BaseIOReactor.java:162)
	at org.apache.http.impl.nio.reactor.AbstractIOReactor.processEvent(AbstractIOReactor.java:337)
	at org.apache.http.impl.nio.reactor.AbstractIOReactor.processEvents(AbstractIOReactor.java:315)
	at org.apache.http.impl.nio.reactor.AbstractIOReactor.execute(AbstractIOReactor.java:276)
	at org.apache.http.impl.nio.reactor.BaseIOReactor.execute(BaseIOReactor.java:104)
	at org.apache.http.impl.nio.reactor.AbstractMultiworkerIOReactor$Worker.run(AbstractMultiworkerIOReactor.java:588)
	at java.base/java.lang.Thread.run(Thread.java:833)
2023-01-27 09:45:14 WARN  ValidateButton.isServerAvailable(79) - The server is unavailable. Wait a little, restart IntelliJ IDEA and try again.
com.homework.plugin.analytics.PluginWarningException: warning
	at com.homework.plugin.button.AbstractButton.isServerAvailable(AbstractButton.java:79)
	at com.homework.plugin.button.ValidateButton.actionPerformed(ValidateButton.java:36)
	at com.intellij.openapi.actionSystem.impl.ActionButton.actionPerformed(ActionButton.java:197)
	at com.intellij.openapi.actionSystem.impl.ActionButton.lambda$performAction$0(ActionButton.java:176)
	at com.intellij.openapi.actionSystem.ex.ActionUtil.performDumbAwareWithCallbacks(ActionUtil.java:346)
	at com.intellij.openapi.actionSystem.impl.ActionButton.performAction(ActionButton.java:176)
	at com.intellij.openapi.actionSystem.impl.ActionButton.processMouseEvent(ActionButton.java:465)
	at java.desktop/java.awt.Component.processEvent(Component.java:6413)
	at java.desktop/java.awt.Container.processEvent(Container.java:2266)
	at java.desktop/java.awt.Component.dispatchEventImpl(Component.java:5022)
	at java.desktop/java.awt.Container.dispatchEventImpl(Container.java:2324)
	at java.desktop/java.awt.Component.dispatchEvent(Component.java:4854)
	at java.desktop/java.awt.LightweightDispatcher.retargetMouseEvent(Container.java:4948)
	at java.desktop/java.awt.LightweightDispatcher.processMouseEvent(Container.java:4575)
	at java.desktop/java.awt.LightweightDispatcher.dispatchEvent(Container.java:4516)
	at java.desktop/java.awt.Container.dispatchEventImpl(Container.java:2310)
	at java.desktop/java.awt.Window.dispatchEventImpl(Window.java:2802)
	at java.desktop/java.awt.Component.dispatchEvent(Component.java:4854)
	at java.desktop/java.awt.EventQueue.dispatchEventImpl(EventQueue.java:781)
	at java.desktop/java.awt.EventQueue$4.run(EventQueue.java:730)
	at java.desktop/java.awt.EventQueue$4.run(EventQueue.java:724)
	at java.base/java.security.AccessController.doPrivileged(AccessController.java:399)
	at java.base/java.security.ProtectionDomain$JavaSecurityAccessImpl.doIntersectionPrivilege(ProtectionDomain.java:86)
	at java.base/java.security.ProtectionDomain$JavaSecurityAccessImpl.doIntersectionPrivilege(ProtectionDomain.java:97)
	at java.desktop/java.awt.EventQueue$5.run(EventQueue.java:754)
	at java.desktop/java.awt.EventQueue$5.run(EventQueue.java:752)
	at java.base/java.security.AccessController.doPrivileged(AccessController.java:399)
	at java.base/java.security.ProtectionDomain$JavaSecurityAccessImpl.doIntersectionPrivilege(ProtectionDomain.java:86)
	at java.desktop/java.awt.EventQueue.dispatchEvent(EventQueue.java:751)
	at com.intellij.ide.IdeEventQueue.defaultDispatchEvent(IdeEventQueue.java:909)
	at com.intellij.ide.IdeEventQueue.dispatchMouseEvent(IdeEventQueue.java:831)
	at com.intellij.ide.IdeEventQueue._dispatchEvent(IdeEventQueue.java:753)
	at com.intellij.ide.IdeEventQueue.lambda$dispatchEvent$5(IdeEventQueue.java:437)
	at com.intellij.openapi.progress.impl.CoreProgressManager.computePrioritized(CoreProgressManager.java:772)
	at com.intellij.ide.IdeEventQueue.lambda$dispatchEvent$6(IdeEventQueue.java:436)
	at com.intellij.openapi.application.TransactionGuardImpl.performActivity(TransactionGuardImpl.java:113)
	at com.intellij.ide.IdeEventQueue.performActivity(IdeEventQueue.java:615)
	at com.intellij.ide.IdeEventQueue.lambda$dispatchEvent$7(IdeEventQueue.java:434)
	at com.intellij.openapi.application.impl.ApplicationImpl.runIntendedWriteActionOnCurrentThread(ApplicationImpl.java:813)
	at com.intellij.ide.IdeEventQueue.dispatchEvent(IdeEventQueue.java:480)
	at java.desktop/java.awt.EventDispatchThread.pumpOneEventForFilters(EventDispatchThread.java:207)
	at java.desktop/java.awt.EventDispatchThread.pumpEventsForFilter(EventDispatchThread.java:128)
	at java.desktop/java.awt.EventDispatchThread.pumpEventsForHierarchy(EventDispatchThread.java:117)
	at java.desktop/java.awt.EventDispatchThread.pumpEvents(EventDispatchThread.java:113)
	at java.desktop/java.awt.EventDispatchThread.pumpEvents(EventDispatchThread.java:105)
	at java.desktop/java.awt.EventDispatchThread.run(EventDispatchThread.java:92)
2023-01-27 09:45:23 INFO  ApacheHttpClient.getWebResourceAsStream(502) - responseCode = 200
2023-01-27 09:45:24 INFO  ApacheHttpClient.completed(32) - responseCode = 200
2023-01-27 09:45:25 INFO  ApacheHttpClient.getTask(488) - responseCode = 200
2023-01-27 09:46:37 ERROR ApacheHttpClient.getServerAvailabilityStatus(568) - Error while checking server availability.
java.util.concurrent.ExecutionException: java.net.SocketException: Connection reset
	at org.apache.http.concurrent.BasicFuture.getResult(BasicFuture.java:70)
	at org.apache.http.concurrent.BasicFuture.get(BasicFuture.java:80)
	at com.homework.plugin.client.ApacheHttpClient.getResponseCode(ApacheHttpClient.java:577)
	at com.homework.plugin.client.ApacheHttpClient.getServerAvailabilityStatus(ApacheHttpClient.java:546)
	at com.homework.plugin.button.AbstractButton.isServerAvailable(AbstractButton.java:71)
	at com.homework.plugin.button.ValidateButton.actionPerformed(ValidateButton.java:36)
	at com.intellij.openapi.actionSystem.impl.ActionButton.actionPerformed(ActionButton.java:197)
	at com.intellij.openapi.actionSystem.impl.ActionButton.lambda$performAction$0(ActionButton.java:176)
	at com.intellij.openapi.actionSystem.ex.ActionUtil.performDumbAwareWithCallbacks(ActionUtil.java:346)
	at com.intellij.openapi.actionSystem.impl.ActionButton.performAction(ActionButton.java:176)
	at com.intellij.openapi.actionSystem.impl.ActionButton.processMouseEvent(ActionButton.java:465)
	at java.desktop/java.awt.Component.processEvent(Component.java:6413)
	at java.desktop/java.awt.Container.processEvent(Container.java:2266)
	at java.desktop/java.awt.Component.dispatchEventImpl(Component.java:5022)
	at java.desktop/java.awt.Container.dispatchEventImpl(Container.java:2324)
	at java.desktop/java.awt.Component.dispatchEvent(Component.java:4854)
	at java.desktop/java.awt.LightweightDispatcher.retargetMouseEvent(Container.java:4948)
	at java.desktop/java.awt.LightweightDispatcher.processMouseEvent(Container.java:4575)
	at java.desktop/java.awt.LightweightDispatcher.dispatchEvent(Container.java:4516)
	at java.desktop/java.awt.Container.dispatchEventImpl(Container.java:2310)
	at java.desktop/java.awt.Window.dispatchEventImpl(Window.java:2802)
	at java.desktop/java.awt.Component.dispatchEvent(Component.java:4854)
	at java.desktop/java.awt.EventQueue.dispatchEventImpl(EventQueue.java:781)
	at java.desktop/java.awt.EventQueue$4.run(EventQueue.java:730)
	at java.desktop/java.awt.EventQueue$4.run(EventQueue.java:724)
	at java.base/java.security.AccessController.doPrivileged(AccessController.java:399)
	at java.base/java.security.ProtectionDomain$JavaSecurityAccessImpl.doIntersectionPrivilege(ProtectionDomain.java:86)
	at java.base/java.security.ProtectionDomain$JavaSecurityAccessImpl.doIntersectionPrivilege(ProtectionDomain.java:97)
	at java.desktop/java.awt.EventQueue$5.run(EventQueue.java:754)
	at java.desktop/java.awt.EventQueue$5.run(EventQueue.java:752)
	at java.base/java.security.AccessController.doPrivileged(AccessController.java:399)
	at java.base/java.security.ProtectionDomain$JavaSecurityAccessImpl.doIntersectionPrivilege(ProtectionDomain.java:86)
	at java.desktop/java.awt.EventQueue.dispatchEvent(EventQueue.java:751)
	at com.intellij.ide.IdeEventQueue.defaultDispatchEvent(IdeEventQueue.java:909)
	at com.intellij.ide.IdeEventQueue.dispatchMouseEvent(IdeEventQueue.java:831)
	at com.intellij.ide.IdeEventQueue._dispatchEvent(IdeEventQueue.java:753)
	at com.intellij.ide.IdeEventQueue.lambda$dispatchEvent$5(IdeEventQueue.java:437)
	at com.intellij.openapi.progress.impl.CoreProgressManager.computePrioritized(CoreProgressManager.java:772)
	at com.intellij.ide.IdeEventQueue.lambda$dispatchEvent$6(IdeEventQueue.java:436)
	at com.intellij.openapi.application.TransactionGuardImpl.performActivity(TransactionGuardImpl.java:113)
	at com.intellij.ide.IdeEventQueue.performActivity(IdeEventQueue.java:615)
	at com.intellij.ide.IdeEventQueue.lambda$dispatchEvent$7(IdeEventQueue.java:434)
	at com.intellij.openapi.application.impl.ApplicationImpl.runIntendedWriteActionOnCurrentThread(ApplicationImpl.java:813)
	at com.intellij.ide.IdeEventQueue.dispatchEvent(IdeEventQueue.java:480)
	at java.desktop/java.awt.EventDispatchThread.pumpOneEventForFilters(EventDispatchThread.java:207)
	at java.desktop/java.awt.EventDispatchThread.pumpEventsForFilter(EventDispatchThread.java:128)
	at java.desktop/java.awt.EventDispatchThread.pumpEventsForHierarchy(EventDispatchThread.java:117)
	at java.desktop/java.awt.EventDispatchThread.pumpEvents(EventDispatchThread.java:113)
	at java.desktop/java.awt.EventDispatchThread.pumpEvents(EventDispatchThread.java:105)
	at java.desktop/java.awt.EventDispatchThread.run(EventDispatchThread.java:92)
Caused by: java.net.SocketException: Connection reset
	at java.base/sun.nio.ch.SocketChannelImpl.throwConnectionReset(SocketChannelImpl.java:394)
	at java.base/sun.nio.ch.SocketChannelImpl.read(SocketChannelImpl.java:426)
	at org.apache.http.nio.reactor.ssl.SSLIOSession.receiveEncryptedData(SSLIOSession.java:451)
	at org.apache.http.nio.reactor.ssl.SSLIOSession.isAppInputReady(SSLIOSession.java:505)
	at org.apache.http.impl.nio.reactor.AbstractIODispatch.inputReady(AbstractIODispatch.java:120)
	at org.apache.http.impl.nio.reactor.BaseIOReactor.readable(BaseIOReactor.java:162)
	at org.apache.http.impl.nio.reactor.AbstractIOReactor.processEvent(AbstractIOReactor.java:337)
	at org.apache.http.impl.nio.reactor.AbstractIOReactor.processEvents(AbstractIOReactor.java:315)
	at org.apache.http.impl.nio.reactor.AbstractIOReactor.execute(AbstractIOReactor.java:276)
	at org.apache.http.impl.nio.reactor.BaseIOReactor.execute(BaseIOReactor.java:104)
	at org.apache.http.impl.nio.reactor.AbstractMultiworkerIOReactor$Worker.run(AbstractMultiworkerIOReactor.java:588)
	at java.base/java.lang.Thread.run(Thread.java:833)
2023-01-27 09:46:37 WARN  ValidateButton.isServerAvailable(79) - The server is unavailable. Wait a little, restart IntelliJ IDEA and try again.
com.homework.plugin.analytics.PluginWarningException: warning
	at com.homework.plugin.button.AbstractButton.isServerAvailable(AbstractButton.java:79)
	at com.homework.plugin.button.ValidateButton.actionPerformed(ValidateButton.java:36)
	at com.intellij.openapi.actionSystem.impl.ActionButton.actionPerformed(ActionButton.java:197)
	at com.intellij.openapi.actionSystem.impl.ActionButton.lambda$performAction$0(ActionButton.java:176)
	at com.intellij.openapi.actionSystem.ex.ActionUtil.performDumbAwareWithCallbacks(ActionUtil.java:346)
	at com.intellij.openapi.actionSystem.impl.ActionButton.performAction(ActionButton.java:176)
	at com.intellij.openapi.actionSystem.impl.ActionButton.processMouseEvent(ActionButton.java:465)
	at java.desktop/java.awt.Component.processEvent(Component.java:6413)
	at java.desktop/java.awt.Container.processEvent(Container.java:2266)
	at java.desktop/java.awt.Component.dispatchEventImpl(Component.java:5022)
	at java.desktop/java.awt.Container.dispatchEventImpl(Container.java:2324)
	at java.desktop/java.awt.Component.dispatchEvent(Component.java:4854)
	at java.desktop/java.awt.LightweightDispatcher.retargetMouseEvent(Container.java:4948)
	at java.desktop/java.awt.LightweightDispatcher.processMouseEvent(Container.java:4575)
	at java.desktop/java.awt.LightweightDispatcher.dispatchEvent(Container.java:4516)
	at java.desktop/java.awt.Container.dispatchEventImpl(Container.java:2310)
	at java.desktop/java.awt.Window.dispatchEventImpl(Window.java:2802)
	at java.desktop/java.awt.Component.dispatchEvent(Component.java:4854)
	at java.desktop/java.awt.EventQueue.dispatchEventImpl(EventQueue.java:781)
	at java.desktop/java.awt.EventQueue$4.run(EventQueue.java:730)
	at java.desktop/java.awt.EventQueue$4.run(EventQueue.java:724)
	at java.base/java.security.AccessController.doPrivileged(AccessController.java:399)
	at java.base/java.security.ProtectionDomain$JavaSecurityAccessImpl.doIntersectionPrivilege(ProtectionDomain.java:86)
	at java.base/java.security.ProtectionDomain$JavaSecurityAccessImpl.doIntersectionPrivilege(ProtectionDomain.java:97)
	at java.desktop/java.awt.EventQueue$5.run(EventQueue.java:754)
	at java.desktop/java.awt.EventQueue$5.run(EventQueue.java:752)
	at java.base/java.security.AccessController.doPrivileged(AccessController.java:399)
	at java.base/java.security.ProtectionDomain$JavaSecurityAccessImpl.doIntersectionPrivilege(ProtectionDomain.java:86)
	at java.desktop/java.awt.EventQueue.dispatchEvent(EventQueue.java:751)
	at com.intellij.ide.IdeEventQueue.defaultDispatchEvent(IdeEventQueue.java:909)
	at com.intellij.ide.IdeEventQueue.dispatchMouseEvent(IdeEventQueue.java:831)
	at com.intellij.ide.IdeEventQueue._dispatchEvent(IdeEventQueue.java:753)
	at com.intellij.ide.IdeEventQueue.lambda$dispatchEvent$5(IdeEventQueue.java:437)
	at com.intellij.openapi.progress.impl.CoreProgressManager.computePrioritized(CoreProgressManager.java:772)
	at com.intellij.ide.IdeEventQueue.lambda$dispatchEvent$6(IdeEventQueue.java:436)
	at com.intellij.openapi.application.TransactionGuardImpl.performActivity(TransactionGuardImpl.java:113)
	at com.intellij.ide.IdeEventQueue.performActivity(IdeEventQueue.java:615)
	at com.intellij.ide.IdeEventQueue.lambda$dispatchEvent$7(IdeEventQueue.java:434)
	at com.intellij.openapi.application.impl.ApplicationImpl.runIntendedWriteActionOnCurrentThread(ApplicationImpl.java:813)
	at com.intellij.ide.IdeEventQueue.dispatchEvent(IdeEventQueue.java:480)
	at java.desktop/java.awt.EventDispatchThread.pumpOneEventForFilters(EventDispatchThread.java:207)
	at java.desktop/java.awt.EventDispatchThread.pumpEventsForFilter(EventDispatchThread.java:128)
	at java.desktop/java.awt.EventDispatchThread.pumpEventsForHierarchy(EventDispatchThread.java:117)
	at java.desktop/java.awt.EventDispatchThread.pumpEvents(EventDispatchThread.java:113)
	at java.desktop/java.awt.EventDispatchThread.pumpEvents(EventDispatchThread.java:105)
	at java.desktop/java.awt.EventDispatchThread.run(EventDispatchThread.java:92)
2023-01-27 09:46:42 INFO  ApacheHttpClient.getWebResourceAsStream(502) - responseCode = 200
2023-01-27 09:46:43 INFO  ApacheHttpClient.getTask(488) - responseCode = 200
2023-01-27 09:46:44 INFO  ApacheHttpClient.completed(32) - responseCode = 200
2023-01-27 09:46:44 INFO  ApacheHttpClient.getTask(488) - responseCode = 200
2023-01-27 09:47:15 INFO  ApacheHttpClient.getWebResourceAsStream(502) - responseCode = 200
2023-01-27 09:47:15 INFO  ApacheHttpClient.getFilteredTasks(336) - responseCode = 200
2023-01-27 09:47:21 INFO  ApacheHttpClient.getTaskTemplateInfo(353) - responseCode = 200
